<?xml version="1.0" encoding="UTF-8"?>
<robot generator="Robot 7.0 (Python 3.11.8 on win32)" generated="2024-02-19T19:05:33.180172" rpa="false" schemaversion="5">
<suite id="s1" name="Exercicio Lista 1" source="C:\sk-java\git\treinamento_robot\Aula1\exercicio_lista_1.robot">
<test id="s1-t1" name="Imprimir Frutas no Console com FOR" line="5">
<kw name="Log To Console" owner="BuiltIn">
<arg>----------</arg>
<doc>Logs the given message to the console.</doc>
<status status="PASS" start="2024-02-19T19:05:33.222148" elapsed="0.000126"/>
</kw>
<for flavor="IN">
<iter>
<kw name="Log To Console" owner="BuiltIn">
<arg>${fruta}</arg>
<doc>Logs the given message to the console.</doc>
<status status="PASS" start="2024-02-19T19:05:33.223300" elapsed="0.001015"/>
</kw>
<var name="${fruta}">Banana</var>
<status status="PASS" start="2024-02-19T19:05:33.223300" elapsed="0.001015"/>
</iter>
<iter>
<kw name="Log To Console" owner="BuiltIn">
<arg>${fruta}</arg>
<doc>Logs the given message to the console.</doc>
<status status="PASS" start="2024-02-19T19:05:33.224315" elapsed="0.001413"/>
</kw>
<var name="${fruta}">Maçã</var>
<status status="PASS" start="2024-02-19T19:05:33.224315" elapsed="0.001413"/>
</iter>
<iter>
<kw name="Log To Console" owner="BuiltIn">
<arg>${fruta}</arg>
<doc>Logs the given message to the console.</doc>
<status status="PASS" start="2024-02-19T19:05:33.225728" elapsed="0.001013"/>
</kw>
<var name="${fruta}">Laranja</var>
<status status="PASS" start="2024-02-19T19:05:33.225728" elapsed="0.001013"/>
</iter>
<iter>
<kw name="Log To Console" owner="BuiltIn">
<arg>${fruta}</arg>
<doc>Logs the given message to the console.</doc>
<status status="PASS" start="2024-02-19T19:05:33.226741" elapsed="0.001000"/>
</kw>
<var name="${fruta}">Morango</var>
<status status="PASS" start="2024-02-19T19:05:33.226741" elapsed="0.001000"/>
</iter>
<iter>
<kw name="Log To Console" owner="BuiltIn">
<arg>${fruta}</arg>
<doc>Logs the given message to the console.</doc>
<status status="PASS" start="2024-02-19T19:05:33.228740" elapsed="0.000000"/>
</kw>
<var name="${fruta}">Abacaxi</var>
<status status="PASS" start="2024-02-19T19:05:33.227741" elapsed="0.000999"/>
</iter>
<var>${fruta}</var>
<value>@{frutas}</value>
<status status="PASS" start="2024-02-19T19:05:33.222274" elapsed="0.006466"/>
</for>
<status status="PASS" start="2024-02-19T19:05:33.220826" elapsed="0.008916"/>
</test>
<test id="s1-t2" name="Imprimir Frutas no Console com acesso a posição" line="10">
<kw name="Log To Console" owner="BuiltIn">
<arg>${frutas[0]}</arg>
<doc>Logs the given message to the console.</doc>
<status status="PASS" start="2024-02-19T19:05:33.231826" elapsed="0.000515"/>
</kw>
<kw name="Log To Console" owner="BuiltIn">
<arg>${frutas[1]}</arg>
<doc>Logs the given message to the console.</doc>
<status status="PASS" start="2024-02-19T19:05:33.233569" elapsed="0.001011"/>
</kw>
<kw name="Log To Console" owner="BuiltIn">
<arg>${frutas[2]}</arg>
<doc>Logs the given message to the console.</doc>
<status status="PASS" start="2024-02-19T19:05:33.235592" elapsed="0.001000"/>
</kw>
<kw name="Log To Console" owner="BuiltIn">
<arg>${frutas[3]}</arg>
<doc>Logs the given message to the console.</doc>
<status status="PASS" start="2024-02-19T19:05:33.237586" elapsed="0.000000"/>
</kw>
<kw name="Log To Console" owner="BuiltIn">
<arg>${frutas[4]}</arg>
<doc>Logs the given message to the console.</doc>
<status status="PASS" start="2024-02-19T19:05:33.238582" elapsed="0.000999"/>
</kw>
<status status="PASS" start="2024-02-19T19:05:33.230737" elapsed="0.008844"/>
</test>
<status status="PASS" start="2024-02-19T19:05:33.183409" elapsed="0.058493"/>
</suite>
<statistics>
<total>
<stat pass="2" fail="0" skip="0">All Tests</stat>
</total>
<tag>
</tag>
<suite>
<stat pass="2" fail="0" skip="0" id="s1" name="Exercicio Lista 1">Exercicio Lista 1</stat>
</suite>
</statistics>
<errors>
</errors>
</robot>
